[debug] [2023-12-30T06:56:37.533Z] ----------------------------------------------------------------------
[debug] [2023-12-30T06:56:37.535Z] Command:       C:\Program Files\nodejs\node.exe C:\Users\Dell\AppData\Roaming\npm\node_modules\firebase-tools\lib\bin\firebase.js init
[debug] [2023-12-30T06:56:37.535Z] CLI Version:   13.0.2
[debug] [2023-12-30T06:56:37.536Z] Platform:      win32
[debug] [2023-12-30T06:56:37.536Z] Node Version:  v18.13.0
[debug] [2023-12-30T06:56:37.536Z] Time:          Sat Dec 30 2023 12:26:37 GMT+0530 (India Standard Time)
[debug] [2023-12-30T06:56:37.537Z] ----------------------------------------------------------------------
[debug] 
[debug] [2023-12-30T06:56:37.539Z] >>> [apiv2][query] GET https://firebase-public.firebaseio.com/cli.json [none]
[debug] [2023-12-30T06:56:37.652Z] > command requires scopes: ["email","openid","https://www.googleapis.com/auth/cloudplatformprojects.readonly","https://www.googleapis.com/auth/firebase","https://www.googleapis.com/auth/cloud-platform"]
[debug] [2023-12-30T06:56:37.652Z] > authorizing via signed-in user (elanchezhian2712.m@gmail.com)
[info] 
     ######## #### ########  ######## ########     ###     ######  ########
     ##        ##  ##     ## ##       ##     ##  ##   ##  ##       ##
     ######    ##  ########  ######   ########  #########  ######  ######
     ##        ##  ##    ##  ##       ##     ## ##     ##       ## ##
     ##       #### ##     ## ######## ########  ##     ##  ######  ########

You're about to initialize a Firebase project in this directory:

  C:\Users\Dell\Desktop\Protfolio

Before we get started, keep in mind:

  * You are initializing within an existing Firebase project directory

[debug] [2023-12-30T06:56:38.656Z] <<< [apiv2][status] GET https://firebase-public.firebaseio.com/cli.json 200
[debug] [2023-12-30T06:56:38.657Z] <<< [apiv2][body] GET https://firebase-public.firebaseio.com/cli.json {"cloudBuildErrorAfter":1594252800000,"cloudBuildWarnAfter":1590019200000,"defaultNode10After":1594252800000,"minVersion":"3.0.5","node8DeploysDisabledAfter":1613390400000,"node8RuntimeDisabledAfter":1615809600000,"node8WarnAfter":1600128000000}
[info] 
=== Project Setup
[info] 
[info] First, let's associate this project directory with a Firebase project.
[info] You can create multiple project aliases by running firebase use --add, 
[info] but for now we'll just set up a default project.
[info] 
[debug] [2023-12-30T06:58:16.544Z] Using project from CLI flag: elanhub-7825b
[debug] [2023-12-30T06:58:16.546Z] > refreshing access token with scopes: []
[debug] [2023-12-30T06:58:16.548Z] >>> [apiv2][query] POST https://www.googleapis.com/oauth2/v3/token [none]
[debug] [2023-12-30T06:58:16.549Z] >>> [apiv2][body] POST https://www.googleapis.com/oauth2/v3/token [omitted]
[debug] [2023-12-30T06:58:16.914Z] <<< [apiv2][status] POST https://www.googleapis.com/oauth2/v3/token 200
[debug] [2023-12-30T06:58:16.914Z] <<< [apiv2][body] POST https://www.googleapis.com/oauth2/v3/token [omitted]
[debug] [2023-12-30T06:58:16.925Z] >>> [apiv2][query] GET https://firebase.googleapis.com/v1beta1/projects/elanhub-7825b [none]
[debug] [2023-12-30T06:58:17.549Z] <<< [apiv2][status] GET https://firebase.googleapis.com/v1beta1/projects/elanhub-7825b 200
[debug] [2023-12-30T06:58:17.549Z] <<< [apiv2][body] GET https://firebase.googleapis.com/v1beta1/projects/elanhub-7825b {"projectId":"elanhub-7825b","projectNumber":"697403569201","displayName":"elanhub","name":"projects/elanhub-7825b","resources":{"hostingSite":"elanhub-7825b"},"state":"ACTIVE","etag":"1_d2f09b04-a17f-412c-b6ab-2bcf99e2c59f"}
[info] i  Using project elanhub-7825b (elanhub) 
[info] 
=== Hosting Setup
[debug] [2023-12-30T06:58:17.558Z] >>> [apiv2][query] GET https://firebase.googleapis.com/v1beta1/projects/elanhub-7825b [none]
[debug] [2023-12-30T06:58:18.037Z] <<< [apiv2][status] GET https://firebase.googleapis.com/v1beta1/projects/elanhub-7825b 200
[debug] [2023-12-30T06:58:18.037Z] <<< [apiv2][body] GET https://firebase.googleapis.com/v1beta1/projects/elanhub-7825b {"projectId":"elanhub-7825b","projectNumber":"697403569201","displayName":"elanhub","name":"projects/elanhub-7825b","resources":{"hostingSite":"elanhub-7825b"},"state":"ACTIVE","etag":"1_d2f09b04-a17f-412c-b6ab-2bcf99e2c59f"}
[info] 
[info] Your public directory is the folder (relative to your project directory) that
[info] will contain Hosting assets to be uploaded with firebase deploy. If you
[info] have a build process for your assets, use your build's output directory.
[info] 
[debug] [2023-12-30T06:58:54.843Z] >>> [apiv2][query] GET https://www.gstatic.com/firebasejs/releases.json [none]
[debug] [2023-12-30T06:58:55.231Z] <<< [apiv2][status] GET https://www.gstatic.com/firebasejs/releases.json 200
[debug] [2023-12-30T06:58:55.231Z] <<< [apiv2][body] GET https://www.gstatic.com/firebasejs/releases.json {"current":{"version":"10.7.1","browserURL":"https://www.gstatic.com/firebasejs/10.7.1/firebase.js","packageURL":"https://www.gstatic.com/firebasejs/10.7.1/firebase.tgz"},"live":{"version":"10.7","browserURL":"https://www.gstatic.com/firebasejs/live/10.7/firebase.js","packageURL":"https://www.gstatic.com/firebasejs/live/10.7/firebase.tgz"},"components":{"analytics":"https://www.gstatic.com/firebasejs/10.7.1/firebase-analytics.js","app":"https://www.gstatic.com/firebasejs/10.7.1/firebase-app.js","app-check":"https://www.gstatic.com/firebasejs/10.7.1/firebase-app-check.js","auth":"https://www.gstatic.com/firebasejs/10.7.1/firebase-auth.js","auth/cordova":"https://www.gstatic.com/firebasejs/10.7.1/firebase-auth/cordova.js","functions":"https://www.gstatic.com/firebasejs/10.7.1/firebase-functions.js","firestore":"https://www.gstatic.com/firebasejs/10.7.1/firebase-firestore.js","firestore/lite":"https://www.gstatic.com/firebasejs/10.7.1/firebase-firestore/lite.js","installations":"https://www.gstatic.com/firebasejs/10.7.1/firebase-installations.js","storage":"https://www.gstatic.com/firebasejs/10.7.1/firebase-storage.js","performance":"https://www.gstatic.com/firebasejs/10.7.1/firebase-performance.js","remote-config":"https://www.gstatic.com/firebasejs/10.7.1/firebase-remote-config.js","messaging":"https://www.gstatic.com/firebasejs/10.7.1/firebase-messaging.js","messaging/sw":"https://www.gstatic.com/firebasejs/10.7.1/firebase-messaging/sw.js","database":"https://www.gstatic.com/firebasejs/10.7.1/firebase-database.js","firestore.memory":"https://www.gstatic.com/firebasejs/10.7.1/firebase-firestore.memory.js"}}
[info] +  Wrote yes/index.html 
[info] 
[info] i  Didn't detect a .git folder. Assuming C:\Users\Dell\Desktop\Protfolio is the project root. 
[info] i  Authorizing with GitHub to upload your service account to a GitHub repository's secrets store. 
[info] 
[info] Visit this URL on this device to log in:
[info] https://github.com/login/oauth/authorize?client_id=89cf50f02ac6aaed3484&state=574234400&redirect_uri=http%3A%2F%2Flocalhost%3A9005&scope=read%3Auser%20repo%20public_repo
[info] 
[info] Waiting for authentication...
[debug] [2023-12-30T06:58:56.592Z] >>> [apiv2][query] POST https://github.com/login/oauth/access_token [none]
[debug] [2023-12-30T06:58:56.592Z] >>> [apiv2][body] POST https://github.com/login/oauth/access_token [stream]
[debug] [2023-12-30T06:58:57.146Z] <<< [apiv2][status] POST https://github.com/login/oauth/access_token 200
[debug] [2023-12-30T06:58:57.147Z] <<< [apiv2][body] POST https://github.com/login/oauth/access_token {"access_token":"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","token_type":"bearer","scope":"read:user,repo"}
[debug] [2023-12-30T06:58:57.158Z] >>> [apiv2][query] GET https://api.github.com/user [none]
[debug] [2023-12-30T06:58:57.782Z] <<< [apiv2][status] GET https://api.github.com/user 200
[debug] [2023-12-30T06:58:57.782Z] <<< [apiv2][body] GET https://api.github.com/user {"login":"Elanchezhian2712","id":122656808,"node_id":"U_kgDOB0-YKA","avatar_url":"https://avatars.githubusercontent.com/u/122656808?v=4","gravatar_id":"","url":"https://api.github.com/users/Elanchezhian2712","html_url":"https://github.com/Elanchezhian2712","followers_url":"https://api.github.com/users/Elanchezhian2712/followers","following_url":"https://api.github.com/users/Elanchezhian2712/following{/other_user}","gists_url":"https://api.github.com/users/Elanchezhian2712/gists{/gist_id}","starred_url":"https://api.github.com/users/Elanchezhian2712/starred{/owner}{/repo}","subscriptions_url":"https://api.github.com/users/Elanchezhian2712/subscriptions","organizations_url":"https://api.github.com/users/Elanchezhian2712/orgs","repos_url":"https://api.github.com/users/Elanchezhian2712/repos","events_url":"https://api.github.com/users/Elanchezhian2712/events{/privacy}","received_events_url":"https://api.github.com/users/Elanchezhian2712/received_events","type":"User","site_admin":false,"name":"Elanchezhian_muthukumar","company":null,"blog":"https://elanchezhian-2712.web.app/","location":"Salem, Tamil Nadu","email":null,"hireable":true,"bio":"👋 Hello, I'm Elanchezhian M!\r\n\r\n🌱 I'm currently pursuing an MCA degree at Periyar University with a strong passion for software development and problem-solvin","twitter_username":null,"public_repos":16,"public_gists":0,"followers":2,"following":3,"created_at":"2023-01-14T02:34:55Z","updated_at":"2023-12-26T06:31:33Z","private_gists":0,"total_private_repos":2,"owned_private_repos":2,"disk_usage":616532,"collaborators":0,"two_factor_authentication":false,"plan":{"name":"free","space":976562499,"collaborators":0,"private_repos":10000}}
[info] 
[info] +  Success! Logged into GitHub as Elanchezhian2712 
[info] 
